TN:
SF:src/propertyPurchaseCalculator.ts
FN:9,calculateNTStampDuty
FN:19,calculateStandardStampDuty
FN:72,calculateFirstHomeBuyerConcession
FN:121,calculateTransferFee
FN:177,calculateMortgageRegistrationFee
FN:186,calculatePropertyPurchaseCosts
FNF:6
FNH:6
FNDA:1,calculateNTStampDuty
FNDA:16,calculateStandardStampDuty
FNDA:5,calculateFirstHomeBuyerConcession
FNDA:16,calculateTransferFee
FNDA:16,calculateMortgageRegistrationFee
FNDA:16,calculatePropertyPurchaseCosts
DA:2,1
DA:10,1
DA:20,16
DA:21,16
DA:23,16
DA:24,2
DA:25,1
DA:26,1
DA:27,1
DA:28,0
DA:29,0
DA:31,0
DA:35,14
DA:36,14
DA:38,14
DA:39,76
DA:41,65
DA:42,65
DA:44,65
DA:45,14
DA:46,0
DA:47,0
DA:49,14
DA:50,1
DA:52,13
DA:54,14
DA:58,14
DA:59,0
DA:62,14
DA:73,5
DA:74,5
DA:76,5
DA:78,5
DA:80,5
DA:81,3
DA:84,2
DA:85,2
DA:87,1
DA:89,1
DA:91,0
DA:92,0
DA:93,0
DA:95,0
DA:97,0
DA:99,0
DA:101,0
DA:103,0
DA:104,0
DA:106,0
DA:108,0
DA:112,0
DA:122,16
DA:123,16
DA:125,16
DA:126,7
DA:129,9
DA:131,4
DA:132,4
DA:134,1
DA:135,0
DA:137,1
DA:139,2
DA:140,1
DA:141,1
DA:142,1
DA:143,1
DA:144,1
DA:145,1
DA:146,1
DA:147,1
DA:148,1
DA:149,1
DA:150,1
DA:151,1
DA:152,1
DA:153,1
DA:154,1
DA:155,1
DA:156,1
DA:157,1
DA:158,1
DA:159,1
DA:160,1
DA:162,2
DA:163,2
DA:164,2
DA:165,2
DA:166,2
DA:168,0
DA:178,16
DA:186,1
DA:187,16
DA:189,16
DA:191,16
DA:194,16
DA:196,16
DA:198,16
DA:200,16
DA:202,16
LF:99
LH:79
BRDA:23,0,0,2
BRDA:24,1,0,1
BRDA:24,1,1,1
BRDA:26,2,0,1
BRDA:26,2,1,0
BRDA:28,3,0,0
BRDA:28,3,1,0
BRDA:39,4,0,11
BRDA:42,5,0,3
BRDA:42,5,1,62
BRDA:44,6,0,14
BRDA:44,7,0,65
BRDA:44,7,1,65
BRDA:45,8,0,0
BRDA:45,8,1,14
BRDA:46,9,0,0
BRDA:49,10,0,1
BRDA:49,10,1,13
BRDA:49,11,0,14
BRDA:49,11,1,1
BRDA:58,12,0,0
BRDA:58,13,0,14
BRDA:58,13,1,0
BRDA:76,14,0,0
BRDA:80,15,0,3
BRDA:84,16,0,2
BRDA:85,17,0,1
BRDA:85,17,1,1
BRDA:85,17,2,0
BRDA:85,17,3,0
BRDA:85,17,4,0
BRDA:85,17,5,0
BRDA:85,17,6,0
BRDA:85,17,7,0
BRDA:91,18,0,0
BRDA:91,19,0,0
BRDA:91,19,1,0
BRDA:101,20,0,0
BRDA:101,20,1,0
BRDA:103,21,0,0
BRDA:103,22,0,0
BRDA:103,22,1,0
BRDA:125,23,0,7
BRDA:129,24,0,4
BRDA:129,24,1,1
BRDA:129,24,2,2
BRDA:129,24,3,2
BRDA:129,24,4,0
BRDA:134,25,0,0
BRDA:139,26,0,1
BRDA:140,27,0,0
BRDA:141,28,0,0
BRDA:142,29,0,0
BRDA:143,30,0,0
BRDA:144,31,0,0
BRDA:145,32,0,0
BRDA:146,33,0,0
BRDA:147,34,0,0
BRDA:148,35,0,0
BRDA:149,36,0,0
BRDA:150,37,0,0
BRDA:151,38,0,0
BRDA:152,39,0,0
BRDA:153,40,0,0
BRDA:154,41,0,0
BRDA:155,42,0,0
BRDA:156,43,0,0
BRDA:157,44,0,0
BRDA:158,45,0,0
BRDA:159,46,0,0
BRDA:162,47,0,0
BRDA:163,48,0,0
BRDA:164,49,0,0
BRDA:165,50,0,0
BRDA:191,51,0,5
BRDA:191,51,1,11
BRF:76
BRH:28
end_of_record
TN:
SF:src/ratesData.ts
FNF:0
FNH:0
DA:3,1
LF:1
LH:1
BRF:0
BRH:0
end_of_record
